<?xml version="1.0" encoding="UTF-8"?>
<testng-results skipped="0" failed="0" ignored="0" total="1" passed="1">
  <reporter-output>
  </reporter-output>
  <suite name="Default suite" duration-ms="209" started-at="2017-10-24T22:15:14Z" finished-at="2017-10-24T22:15:14Z">
    <groups>
    </groups>
    <test name="Default test" duration-ms="209" started-at="2017-10-24T22:15:14Z" finished-at="2017-10-24T22:15:14Z">
      <class name="javaPractice6.CalDate">
        <test-method status="PASS" signature="printvalue()[pri:0, instance:javaPractice6.CalDate@7c0e2abd]" name="printvalue" duration-ms="158" started-at="2017-10-24T23:15:14Z" finished-at="2017-10-24T23:15:14Z">
          <reporter-output>
          </reporter-output>
        </test-method> <!-- printvalue -->
      </class> <!-- javaPractice6.CalDate -->
    </test> <!-- Default test -->
  </suite> <!-- Default suite -->
</testng-results>
